C:\USERS\VIKAS\DOCUMENTS\VISUAL STUDIO 2012\PROJECTS\LL_OCULOS\LL_OCULOS\X64\DEBUG\LL_OCULOS.PCH
C:\USERS\VIKAS\DOCUMENTS\VISUAL STUDIO 2012\PROJECTS\LL_OCULOS\LL_OCULOS\X64\DEBUG\STDAFX.OBJ
C:\USERS\VIKAS\DOCUMENTS\VISUAL STUDIO 2012\PROJECTS\LL_OCULOS\LL_OCULOS\X64\DEBUG\VC110.PDB
C:\USERS\VIKAS\DOCUMENTS\VISUAL STUDIO 2012\PROJECTS\LL_OCULOS\LL_OCULOS\X64\DEBUG\LL_OCULOS.OBJ
C:\USERS\VIKAS\DOCUMENTS\VISUAL STUDIO 2012\PROJECTS\LL_OCULOS\X64\DEBUG\LL_OCULOS.ILK
C:\USERS\VIKAS\DOCUMENTS\VISUAL STUDIO 2012\PROJECTS\LL_OCULOS\X64\DEBUG\LL_OCULOS.EXE
C:\USERS\VIKAS\DOCUMENTS\VISUAL STUDIO 2012\PROJECTS\LL_OCULOS\X64\DEBUG\LL_OCULOS.PDB
C:\Users\Vikas\documents\visual studio 2012\Projects\LL_Oculos\LL_Oculos\x64\Debug\LL_Oculos.obj
C:\Users\Vikas\documents\visual studio 2012\Projects\LL_Oculos\LL_Oculos\x64\Debug\stdafx.obj
C:\Users\Vikas\documents\visual studio 2012\Projects\LL_Oculos\LL_Oculos\x64\Debug\cl.command.1.tlog
C:\Users\Vikas\documents\visual studio 2012\Projects\LL_Oculos\LL_Oculos\x64\Debug\CL.read.1.tlog
C:\Users\Vikas\documents\visual studio 2012\Projects\LL_Oculos\LL_Oculos\x64\Debug\CL.write.1.tlog
C:\Users\Vikas\documents\visual studio 2012\Projects\LL_Oculos\LL_Oculos\x64\Debug\link-cvtres.read.1.tlog
C:\Users\Vikas\documents\visual studio 2012\Projects\LL_Oculos\LL_Oculos\x64\Debug\link-cvtres.write.1.tlog
C:\Users\Vikas\documents\visual studio 2012\Projects\LL_Oculos\LL_Oculos\x64\Debug\link-rc.read.1.tlog
C:\Users\Vikas\documents\visual studio 2012\Projects\LL_Oculos\LL_Oculos\x64\Debug\link-rc.write.1.tlog
C:\Users\Vikas\documents\visual studio 2012\Projects\LL_Oculos\LL_Oculos\x64\Debug\link.command.1.tlog
C:\Users\Vikas\documents\visual studio 2012\Projects\LL_Oculos\LL_Oculos\x64\Debug\link.read.1.tlog
C:\Users\Vikas\documents\visual studio 2012\Projects\LL_Oculos\LL_Oculos\x64\Debug\link.write.1.tlog
C:\Users\Vikas\documents\visual studio 2012\Projects\LL_Oculos\LL_Oculos\x64\Debug\LL_Oculos.pch
C:\Users\Vikas\documents\visual studio 2012\Projects\LL_Oculos\LL_Oculos\x64\Debug\vc110.idb
C:\Users\Vikas\documents\visual studio 2012\Projects\LL_Oculos\LL_Oculos\x64\Debug\vc110.pdb
C:\Users\Vikas\documents\visual studio 2012\Projects\LL_Oculos\x64\Debug\LL_Oculos.pdb
C:\Users\Vikas\documents\visual studio 2012\Projects\LL_Oculos\x64\Debug\LL_Oculos.exe
C:\Users\Vikas\documents\visual studio 2012\Projects\LL_Oculos\x64\Debug\LL_Oculos.ilk
