C:\USERS\VIKAS\DOCUMENTS\VISUAL STUDIO 2012\PROJECTS\OBJECTRECOG\OBJECTRECOG\X64\DEBUG\OBJECTRECOG.PCH
C:\USERS\VIKAS\DOCUMENTS\VISUAL STUDIO 2012\PROJECTS\OBJECTRECOG\OBJECTRECOG\X64\DEBUG\STDAFX.OBJ
C:\USERS\VIKAS\DOCUMENTS\VISUAL STUDIO 2012\PROJECTS\OBJECTRECOG\OBJECTRECOG\X64\DEBUG\VC110.PDB
C:\USERS\VIKAS\DOCUMENTS\VISUAL STUDIO 2012\PROJECTS\OBJECTRECOG\OBJECTRECOG\X64\DEBUG\OBJECTRECOG.OBJ
C:\USERS\VIKAS\DOCUMENTS\VISUAL STUDIO 2012\PROJECTS\OBJECTRECOG\X64\DEBUG\OBJECTRECOG.ILK
C:\USERS\VIKAS\DOCUMENTS\VISUAL STUDIO 2012\PROJECTS\OBJECTRECOG\X64\DEBUG\OBJECTRECOG.EXE
C:\USERS\VIKAS\DOCUMENTS\VISUAL STUDIO 2012\PROJECTS\OBJECTRECOG\X64\DEBUG\OBJECTRECOG.PDB
C:\Users\Vikas\Documents\Visual Studio 2012\Projects\ObjectRecog\ObjectRecog\x64\Debug\stdafx.obj
C:\Users\Vikas\Documents\Visual Studio 2012\Projects\ObjectRecog\ObjectRecog\x64\Debug\cl.command.1.tlog
C:\Users\Vikas\Documents\Visual Studio 2012\Projects\ObjectRecog\ObjectRecog\x64\Debug\CL.read.1.tlog
C:\Users\Vikas\Documents\Visual Studio 2012\Projects\ObjectRecog\ObjectRecog\x64\Debug\CL.write.1.tlog
C:\Users\Vikas\Documents\Visual Studio 2012\Projects\ObjectRecog\ObjectRecog\x64\Debug\link-cvtres.read.1.tlog
C:\Users\Vikas\Documents\Visual Studio 2012\Projects\ObjectRecog\ObjectRecog\x64\Debug\link-cvtres.write.1.tlog
C:\Users\Vikas\Documents\Visual Studio 2012\Projects\ObjectRecog\ObjectRecog\x64\Debug\link-rc.read.1.tlog
C:\Users\Vikas\Documents\Visual Studio 2012\Projects\ObjectRecog\ObjectRecog\x64\Debug\link-rc.write.1.tlog
C:\Users\Vikas\Documents\Visual Studio 2012\Projects\ObjectRecog\ObjectRecog\x64\Debug\link.4344-cvtres.read.1.tlog
C:\Users\Vikas\Documents\Visual Studio 2012\Projects\ObjectRecog\ObjectRecog\x64\Debug\link.4344-cvtres.write.1.tlog
C:\Users\Vikas\Documents\Visual Studio 2012\Projects\ObjectRecog\ObjectRecog\x64\Debug\link.4344-rc.read.1.tlog
C:\Users\Vikas\Documents\Visual Studio 2012\Projects\ObjectRecog\ObjectRecog\x64\Debug\link.4344-rc.write.1.tlog
C:\Users\Vikas\Documents\Visual Studio 2012\Projects\ObjectRecog\ObjectRecog\x64\Debug\link.4344.read.1.tlog
C:\Users\Vikas\Documents\Visual Studio 2012\Projects\ObjectRecog\ObjectRecog\x64\Debug\link.4344.write.1.tlog
C:\Users\Vikas\Documents\Visual Studio 2012\Projects\ObjectRecog\ObjectRecog\x64\Debug\link.4600-cvtres.read.1.tlog
C:\Users\Vikas\Documents\Visual Studio 2012\Projects\ObjectRecog\ObjectRecog\x64\Debug\link.4600-cvtres.write.1.tlog
C:\Users\Vikas\Documents\Visual Studio 2012\Projects\ObjectRecog\ObjectRecog\x64\Debug\link.4600-rc.read.1.tlog
C:\Users\Vikas\Documents\Visual Studio 2012\Projects\ObjectRecog\ObjectRecog\x64\Debug\link.4600-rc.write.1.tlog
C:\Users\Vikas\Documents\Visual Studio 2012\Projects\ObjectRecog\ObjectRecog\x64\Debug\link.4600.read.1.tlog
C:\Users\Vikas\Documents\Visual Studio 2012\Projects\ObjectRecog\ObjectRecog\x64\Debug\link.4600.write.1.tlog
C:\Users\Vikas\Documents\Visual Studio 2012\Projects\ObjectRecog\ObjectRecog\x64\Debug\link.4828-cvtres.read.1.tlog
C:\Users\Vikas\Documents\Visual Studio 2012\Projects\ObjectRecog\ObjectRecog\x64\Debug\link.4828-cvtres.write.1.tlog
C:\Users\Vikas\Documents\Visual Studio 2012\Projects\ObjectRecog\ObjectRecog\x64\Debug\link.4828-rc.read.1.tlog
C:\Users\Vikas\Documents\Visual Studio 2012\Projects\ObjectRecog\ObjectRecog\x64\Debug\link.4828-rc.write.1.tlog
C:\Users\Vikas\Documents\Visual Studio 2012\Projects\ObjectRecog\ObjectRecog\x64\Debug\link.4828.read.1.tlog
C:\Users\Vikas\Documents\Visual Studio 2012\Projects\ObjectRecog\ObjectRecog\x64\Debug\link.4828.write.1.tlog
C:\Users\Vikas\Documents\Visual Studio 2012\Projects\ObjectRecog\ObjectRecog\x64\Debug\link.6728-cvtres.read.1.tlog
C:\Users\Vikas\Documents\Visual Studio 2012\Projects\ObjectRecog\ObjectRecog\x64\Debug\link.6728-cvtres.write.1.tlog
C:\Users\Vikas\Documents\Visual Studio 2012\Projects\ObjectRecog\ObjectRecog\x64\Debug\link.6728-rc.read.1.tlog
C:\Users\Vikas\Documents\Visual Studio 2012\Projects\ObjectRecog\ObjectRecog\x64\Debug\link.6728-rc.write.1.tlog
C:\Users\Vikas\Documents\Visual Studio 2012\Projects\ObjectRecog\ObjectRecog\x64\Debug\link.6728.read.1.tlog
C:\Users\Vikas\Documents\Visual Studio 2012\Projects\ObjectRecog\ObjectRecog\x64\Debug\link.6728.write.1.tlog
C:\Users\Vikas\Documents\Visual Studio 2012\Projects\ObjectRecog\ObjectRecog\x64\Debug\link.6856-cvtres.read.1.tlog
C:\Users\Vikas\Documents\Visual Studio 2012\Projects\ObjectRecog\ObjectRecog\x64\Debug\link.6856-cvtres.write.1.tlog
C:\Users\Vikas\Documents\Visual Studio 2012\Projects\ObjectRecog\ObjectRecog\x64\Debug\link.6856-rc.read.1.tlog
C:\Users\Vikas\Documents\Visual Studio 2012\Projects\ObjectRecog\ObjectRecog\x64\Debug\link.6856-rc.write.1.tlog
C:\Users\Vikas\Documents\Visual Studio 2012\Projects\ObjectRecog\ObjectRecog\x64\Debug\link.6856.read.1.tlog
C:\Users\Vikas\Documents\Visual Studio 2012\Projects\ObjectRecog\ObjectRecog\x64\Debug\link.6856.write.1.tlog
C:\Users\Vikas\Documents\Visual Studio 2012\Projects\ObjectRecog\ObjectRecog\x64\Debug\link.command.1.tlog
C:\Users\Vikas\Documents\Visual Studio 2012\Projects\ObjectRecog\ObjectRecog\x64\Debug\link.read.1.tlog
C:\Users\Vikas\Documents\Visual Studio 2012\Projects\ObjectRecog\ObjectRecog\x64\Debug\link.write.1.tlog
C:\Users\Vikas\Documents\Visual Studio 2012\Projects\ObjectRecog\ObjectRecog\x64\Debug\ObjectRecog.pch
C:\Users\Vikas\Documents\Visual Studio 2012\Projects\ObjectRecog\ObjectRecog\x64\Debug\vc110.idb
C:\Users\Vikas\Documents\Visual Studio 2012\Projects\ObjectRecog\ObjectRecog\x64\Debug\vc110.pdb
C:\Users\Vikas\Documents\Visual Studio 2012\Projects\ObjectRecog\x64\Debug\ObjectRecog.pdb
C:\Users\Vikas\Documents\Visual Studio 2012\Projects\ObjectRecog\x64\Debug\ObjectRecog.exe
C:\Users\Vikas\Documents\Visual Studio 2012\Projects\ObjectRecog\x64\Debug\ObjectRecog.ilk
