C:\USERS\VIKAS\DOCUMENTS\VISUAL STUDIO 2012\PROJECTS\IMGPROC\IMGPROC\X64\DEBUG\IMGPROC.PCH
C:\USERS\VIKAS\DOCUMENTS\VISUAL STUDIO 2012\PROJECTS\IMGPROC\IMGPROC\X64\DEBUG\STDAFX.OBJ
C:\USERS\VIKAS\DOCUMENTS\VISUAL STUDIO 2012\PROJECTS\IMGPROC\IMGPROC\X64\DEBUG\VC110.PDB
C:\USERS\VIKAS\DOCUMENTS\VISUAL STUDIO 2012\PROJECTS\IMGPROC\IMGPROC\X64\DEBUG\IMGPROC.OBJ
C:\Users\Vikas\Documents\Visual Studio 2012\Projects\ImgProc\ImgProc\x64\Debug\ImgProc.obj
C:\Users\Vikas\Documents\Visual Studio 2012\Projects\ImgProc\ImgProc\x64\Debug\stdafx.obj
C:\Users\Vikas\Documents\Visual Studio 2012\Projects\ImgProc\ImgProc\x64\Debug\cl.command.1.tlog
C:\Users\Vikas\Documents\Visual Studio 2012\Projects\ImgProc\ImgProc\x64\Debug\CL.read.1.tlog
C:\Users\Vikas\Documents\Visual Studio 2012\Projects\ImgProc\ImgProc\x64\Debug\CL.write.1.tlog
C:\Users\Vikas\Documents\Visual Studio 2012\Projects\ImgProc\ImgProc\x64\Debug\link-cvtres.read.1.tlog
C:\Users\Vikas\Documents\Visual Studio 2012\Projects\ImgProc\ImgProc\x64\Debug\link-cvtres.write.1.tlog
C:\Users\Vikas\Documents\Visual Studio 2012\Projects\ImgProc\ImgProc\x64\Debug\link-rc.read.1.tlog
C:\Users\Vikas\Documents\Visual Studio 2012\Projects\ImgProc\ImgProc\x64\Debug\link-rc.write.1.tlog
C:\Users\Vikas\Documents\Visual Studio 2012\Projects\ImgProc\ImgProc\x64\Debug\link.2820-cvtres.read.1.tlog
C:\Users\Vikas\Documents\Visual Studio 2012\Projects\ImgProc\ImgProc\x64\Debug\link.2820-cvtres.write.1.tlog
C:\Users\Vikas\Documents\Visual Studio 2012\Projects\ImgProc\ImgProc\x64\Debug\link.2820-rc.read.1.tlog
C:\Users\Vikas\Documents\Visual Studio 2012\Projects\ImgProc\ImgProc\x64\Debug\link.2820-rc.write.1.tlog
C:\Users\Vikas\Documents\Visual Studio 2012\Projects\ImgProc\ImgProc\x64\Debug\link.2820.read.1.tlog
C:\Users\Vikas\Documents\Visual Studio 2012\Projects\ImgProc\ImgProc\x64\Debug\link.2820.write.1.tlog
C:\Users\Vikas\Documents\Visual Studio 2012\Projects\ImgProc\ImgProc\x64\Debug\link.3864-cvtres.read.1.tlog
C:\Users\Vikas\Documents\Visual Studio 2012\Projects\ImgProc\ImgProc\x64\Debug\link.3864-cvtres.write.1.tlog
C:\Users\Vikas\Documents\Visual Studio 2012\Projects\ImgProc\ImgProc\x64\Debug\link.3864-rc.read.1.tlog
C:\Users\Vikas\Documents\Visual Studio 2012\Projects\ImgProc\ImgProc\x64\Debug\link.3864-rc.write.1.tlog
C:\Users\Vikas\Documents\Visual Studio 2012\Projects\ImgProc\ImgProc\x64\Debug\link.3864.read.1.tlog
C:\Users\Vikas\Documents\Visual Studio 2012\Projects\ImgProc\ImgProc\x64\Debug\link.3864.write.1.tlog
C:\Users\Vikas\Documents\Visual Studio 2012\Projects\ImgProc\ImgProc\x64\Debug\link.5892-cvtres.read.1.tlog
C:\Users\Vikas\Documents\Visual Studio 2012\Projects\ImgProc\ImgProc\x64\Debug\link.5892-cvtres.write.1.tlog
C:\Users\Vikas\Documents\Visual Studio 2012\Projects\ImgProc\ImgProc\x64\Debug\link.5892-rc.read.1.tlog
C:\Users\Vikas\Documents\Visual Studio 2012\Projects\ImgProc\ImgProc\x64\Debug\link.5892-rc.write.1.tlog
C:\Users\Vikas\Documents\Visual Studio 2012\Projects\ImgProc\ImgProc\x64\Debug\link.5892.read.1.tlog
C:\Users\Vikas\Documents\Visual Studio 2012\Projects\ImgProc\ImgProc\x64\Debug\link.5892.write.1.tlog
C:\Users\Vikas\Documents\Visual Studio 2012\Projects\ImgProc\ImgProc\x64\Debug\link.6492-cvtres.read.1.tlog
C:\Users\Vikas\Documents\Visual Studio 2012\Projects\ImgProc\ImgProc\x64\Debug\link.6492-cvtres.write.1.tlog
C:\Users\Vikas\Documents\Visual Studio 2012\Projects\ImgProc\ImgProc\x64\Debug\link.6492-rc.read.1.tlog
C:\Users\Vikas\Documents\Visual Studio 2012\Projects\ImgProc\ImgProc\x64\Debug\link.6492-rc.write.1.tlog
C:\Users\Vikas\Documents\Visual Studio 2012\Projects\ImgProc\ImgProc\x64\Debug\link.6492.read.1.tlog
C:\Users\Vikas\Documents\Visual Studio 2012\Projects\ImgProc\ImgProc\x64\Debug\link.6492.write.1.tlog
C:\Users\Vikas\Documents\Visual Studio 2012\Projects\ImgProc\ImgProc\x64\Debug\link.command.1.tlog
C:\Users\Vikas\Documents\Visual Studio 2012\Projects\ImgProc\ImgProc\x64\Debug\link.read.1.tlog
C:\Users\Vikas\Documents\Visual Studio 2012\Projects\ImgProc\ImgProc\x64\Debug\link.write.1.tlog
C:\Users\Vikas\Documents\Visual Studio 2012\Projects\ImgProc\ImgProc\x64\Debug\ImgProc.pch
C:\Users\Vikas\Documents\Visual Studio 2012\Projects\ImgProc\ImgProc\x64\Debug\vc110.idb
C:\Users\Vikas\Documents\Visual Studio 2012\Projects\ImgProc\ImgProc\x64\Debug\vc110.pdb
C:\Users\Vikas\Documents\Visual Studio 2012\Projects\ImgProc\x64\Debug\ImgProc.pdb
C:\Users\Vikas\Documents\Visual Studio 2012\Projects\ImgProc\x64\Debug\ImgProc.ilk
